<?xml version="1.0" encoding="UTF-8"?>
<!-- Generated by org.testng.reporters.JUnitReportReporter -->
<testsuite hostname="DESKTOP-T6U90TK" failures="0" tests="1" name="cartTests.CartTest" time="7.657" errors="0" timestamp="2025-07-25T14:29:42 ART" skipped="0">
  <testcase classname="cartTests.CartTest" name="cartTest" time="7.657"/>
</testsuite> <!-- cartTests.CartTest -->
